<?xml version="1.0" encoding="UTF-8"?>
<!-- Generated by org.testng.reporters.JUnitReportReporter -->
<testsuite skipped="0" hostname="INLT1471" name="com.blazedemo.testCases.TestRunner" tests="2" failures="0" timestamp="2020-08-28T14:57:19 IST" time="22.203" errors="0">
  <testcase name="ValidatePlacesEntered" time="9.220" classname="com.blazedemo.testCases.TestRunner"/>
  <testcase name="ValidateBookingId" time="12.983" classname="com.blazedemo.testCases.TestRunner"/>
</testsuite> <!-- com.blazedemo.testCases.TestRunner -->
